2024-10-31 02:11:40,242 - INFO - Notified Discord about event: Dave Matthews Band
2024-10-31 02:11:40,416 - INFO - Notified Discord about event: Dave Matthews Band
2024-10-31 02:11:40,558 - INFO - Notified Discord about event: Creed - Are You Ready? Tour
2024-10-31 02:11:40,691 - INFO - Notified Discord about event: Deftones - North American Tour 2025
2024-10-31 02:11:45,254 - INFO - Notified Discord about event: Pentatonix: Hallelujah! It's A Christmas Tour
2024-10-31 02:11:45,437 - INFO - Notified Discord about event: SOULSHINE - A BENEFIT FOR HURRICANE RELIEF AND RECOVERY
2024-10-31 02:14:16,986 - INFO - No new notable events to notify.
2024-10-31 02:14:43,824 - INFO - Notified Discord about notable event: Dave Matthews Band by Dave Matthews
2024-10-31 02:14:43,979 - INFO - Notified Discord about notable event: Dave Matthews Band by Dave Matthews
2024-10-31 02:14:44,128 - INFO - Notified Discord about notable event: Creed - Are You Ready? Tour by Creed
2024-10-31 02:14:44,270 - INFO - Notified Discord about notable event: Deftones - North American Tour 2025 by Deftones
2024-10-31 02:14:48,852 - INFO - Notified Discord about notable event: Pentatonix: Hallelujah! It's A Christmas Tour by Pentatonix
2024-10-31 02:14:48,972 - INFO - Notified Discord about notable event: SOULSHINE - A BENEFIT FOR HURRICANE RELIEF AND RECOVERY by Dave Matthews
2024-10-31 02:15:43,509 - INFO - No new notable events to notify.
2024-10-31 02:16:43,516 - INFO - No new notable events to notify.
2024-10-31 02:17:24,075 - INFO - Notified Discord about notable event: SOULSHINE - A BENEFIT FOR HURRICANE RELIEF AND RECOVERY by Dave Matthews
2024-10-31 02:17:24,286 - INFO - Notified Discord about notable event: USHER: Past Present Future by USHER
2024-10-31 02:17:24,485 - INFO - Notified Discord about notable event: USHER: Past Present Future by USHER
2024-10-31 02:17:24,639 - INFO - Notified Discord about notable event: B96 Bash with Kane Brown by Kane Brown
2024-10-31 02:17:29,033 - INFO - Notified Discord about notable event: Destroy Lonely: FOREVER TOUR by Destroy Lonely
2024-10-31 02:17:29,197 - INFO - Notified Discord about notable event: Destroy Lonely: FOREVER TOUR by Destroy Lonely
2024-10-31 02:17:29,319 - INFO - Notified Discord about notable event: Destroy Lonely by Destroy Lonely
2024-10-31 02:17:29,436 - INFO - Notified Discord about notable event: Destroy Lonely: FOREVER TOUR by Destroy Lonely
2024-10-31 02:17:29,555 - INFO - Notified Discord about notable event: Destroy Lonely: FOREVER TOUR by Destroy Lonely
2024-10-31 02:17:34,172 - INFO - Notified Discord about notable event: Destroy Lonely: FOREVER TOUR by Destroy Lonely
2024-10-31 02:17:34,334 - INFO - Notified Discord about notable event: Destroy Lonely: FOREVER TOUR by Destroy Lonely
2024-10-31 02:17:34,438 - INFO - Notified Discord about notable event: Destroy Lonely: FOREVER TOUR by Destroy Lonely
2024-10-31 02:17:34,550 - INFO - Notified Discord about notable event: Destroy Lonely: FOREVER TOUR by Destroy Lonely
2024-10-31 02:17:34,637 - INFO - Notified Discord about notable event: Destroy Lonely: FOREVER TOUR by Destroy Lonely
2024-10-31 02:17:39,336 - INFO - Notified Discord about notable event: Destroy Lonely: FOREVER TOUR by Destroy Lonely
2024-10-31 02:17:39,457 - INFO - Notified Discord about notable event: Destroy Lonely by Destroy Lonely
2024-10-31 02:18:21,689 - INFO - No new notable events to notify.
2024-10-31 02:19:21,746 - INFO - No new notable events to notify.
2024-10-31 02:20:21,737 - INFO - No new notable events to notify.
2024-10-31 02:21:21,663 - INFO - No new notable events to notify.
2024-10-31 02:22:21,719 - INFO - No new notable events to notify.
2024-10-31 02:23:21,744 - INFO - No new notable events to notify.
