2024-10-31 19:00:25,477 - INFO - Database initialized successfully.
2024-10-31 19:00:25,477 - INFO - Added notable artist 'Taylor Swift' with API ID 'K8vZ9175Tr0' to the database.
2024-10-31 19:00:25,477 - INFO - Added notable artist 'Adele' with API ID 'K8vZ917Gku7' to the database.
2024-10-31 19:00:25,477 - INFO - Added notable artist 'Koe Wetzel' with API ID 'K8vZ917pldV' to the database.
2024-10-31 19:00:25,477 - INFO - Added notable artist 'Zach Bryan' with API ID 'K8vZ917_NoV' to the database.
2024-10-31 19:00:25,477 - INFO - Added notable artist 'Hans Zimmer' with API ID 'K8vZ917ubK0' to the database.
2024-10-31 19:00:25,477 - INFO - Added notable artist 'Gunna' with API ID 'K8vZ917psY7' to the database.
2024-10-31 19:00:25,477 - INFO - Added notable artist 'Maddox Batson' with API ID 'K8vZ917qeuV' to the database.
2024-10-31 19:00:25,477 - INFO - Added notable artist 'Max McNown' with API ID 'K8vZ917jfuf' to the database.
2024-10-31 19:00:25,477 - INFO - Added notable artist 'Masayoshi Takanaka' with API ID 'K8vZ917q59f' to the database.
2024-10-31 19:00:25,477 - INFO - Added notable artist 'Creed' with API ID 'K8vZ9171buf' to the database.
2024-10-31 19:00:25,477 - INFO - Added notable artist 'Coldplay' with API ID 'K8vZ9171izV' to the database.
2024-10-31 19:00:25,477 - INFO - Added notable artist 'Oasis' with API ID 'K8vZ9171fw7' to the database.
2024-10-31 19:00:25,477 - INFO - Added notable artist 'Rascal Flatts' with API ID 'K8vZ9171nF7' to the database.
2024-10-31 19:00:25,477 - INFO - Added notable artist 'Kenshi Yonezu' with API ID 'K8vZ917q7K0' to the database.
2024-10-31 19:00:25,477 - INFO - Added notable artist 'Blake Shelton' with API ID 'K8vZ9171Bm7' to the database.
2024-10-31 19:00:25,478 - INFO - Added notable artist 'Van Morrison' with API ID 'K8vZ917hY-V' to the database.
2024-10-31 19:00:25,478 - INFO - Added notable artist 'Imagine Dragons' with API ID 'K8vZ917GSz7' to the database.
2024-10-31 19:00:25,478 - INFO - Added notable artist 'Cigarettes After Sex' with API ID 'K8vZ917fN6V' to the database.
2024-10-31 19:00:25,478 - INFO - Added notable artist 'Benson Boone' with API ID 'K8vZ917Qjw0' to the database.
2024-10-31 19:00:25,478 - INFO - Added notable artist 'Lizzy McAlpine' with API ID 'K8vZ917_p3V' to the database.
2024-10-31 19:00:25,478 - INFO - Added notable artist 'James Taylor' with API ID 'K8vZ917G-E7' to the database.
2024-10-31 19:00:25,478 - INFO - Added notable artist 'Luke Combs' with API ID 'K8vZ917KVr7' to the database.
2024-10-31 19:00:25,478 - INFO - Added notable artist 'Eric Church' with API ID 'K8vZ917G5G0' to the database.
2024-10-31 19:00:25,478 - INFO - Added notable artist 'Billy Strings' with API ID 'K8vZ9174G2V' to the database.
2024-10-31 19:00:25,478 - INFO - Added notable artist 'Morgan Wallen' with API ID 'K8vZ917jiY0' to the database.
2024-10-31 19:00:25,478 - INFO - Added notable artist 'Eagles' with API ID 'K8vZ9171ob7' to the database.
2024-10-31 19:00:25,478 - INFO - Added notable artist 'Anyma' with API ID 'K8vZ917jHEf' to the database.
2024-10-31 19:00:25,478 - INFO - Added notable artist 'Tedeschi Trucks Band' with API ID 'K8vZ917C1E0' to the database.
2024-10-31 19:00:25,478 - INFO - Added notable artist 'Ticketmaster - Dude Perfect' with API ID 'K8vZ917bZLV' to the database.
2024-10-31 19:00:25,478 - INFO - Added notable artist 'Pentatonix' with API ID 'K8vZ9172Wtf' to the database.
2024-10-31 19:00:25,478 - INFO - Added notable artist 'Travis Scott' with API ID 'K8vZ9178bS0' to the database.
2024-10-31 19:00:25,478 - INFO - Added notable artist 'Sabrina Carpenter' with API ID 'K8vZ9173-lV' to the database.
2024-10-31 19:00:25,478 - INFO - Added notable artist 'Billie Eilish' with API ID 'K8vZ9174Za7' to the database.
2024-10-31 19:00:25,478 - INFO - Added notable artist 'Stevie Wonder' with API ID 'K8vZ91715af' to the database.
2024-10-31 19:00:25,478 - INFO - Added notable artist 'Metallica' with API ID 'K8vZ9171G9V' to the database.
2024-10-31 19:00:25,478 - INFO - Added notable artist 'Jonathan Lee' with API ID 'K8vZ9173OrV' to the database.
2024-10-31 19:00:25,478 - INFO - Added notable artist 'Dropkick Murphys' with API ID 'K8vZ9171h_V' to the database.
2024-10-31 19:00:25,478 - INFO - Added notable artist 'Deftones' with API ID 'K8vZ9171pP7' to the database.
2024-10-31 19:00:25,478 - INFO - Added notable artist 'USHER' with API ID 'K8vZ9171bMV' to the database.
2024-10-31 19:00:25,478 - INFO - Added notable artist 'Megan Moroney' with API ID 'K8vZ917Q9yV' to the database.
2024-10-31 19:00:25,478 - INFO - Added notable artist 'GloRilla' with API ID 'K8vZ917QER7' to the database.
2024-10-31 19:00:25,478 - INFO - Added notable artist 'Cody Johnson' with API ID 'K8vZ9178Uz0' to the database.
2024-10-31 19:00:25,478 - INFO - Added notable artist '$UICIDEBOY$' with API ID 'K8vZ917f2N7' to the database.
2024-10-31 19:00:25,478 - INFO - Added notable artist 'Post Malone' with API ID 'K8vZ917KjPf' to the database.
2024-10-31 19:00:25,478 - INFO - Added notable artist 'Jelly Roll' with API ID 'K8vZ9174y8V' to the database.
2024-10-31 19:00:25,478 - INFO - Added notable artist 'Eric Clapton' with API ID 'K8vZ917hG-0' to the database.
2024-10-31 19:00:25,478 - INFO - Added notable artist 'John Summit' with API ID 'K8vZ917_pO7' to the database.
2024-10-31 19:00:25,478 - INFO - Added notable artist 'P!NK' with API ID 'K8vZ9171Jo7' to the database.
2024-10-31 19:00:25,478 - INFO - Added notable artist 'Shane Gillis' with API ID 'K8vZ9174xuV' to the database.
2024-10-31 19:00:25,478 - INFO - Added notable artist 'Fred again..' with API ID 'K8vZ917_0xf' to the database.
2024-10-31 19:00:25,478 - INFO - Added notable artist 'Warren Zeiders' with API ID 'K8vZ917QK3f' to the database.
2024-10-31 19:00:25,478 - INFO - Added notable artist 'Mariah Carey' with API ID 'K8vZ9171KB7' to the database.
2024-10-31 19:00:25,478 - INFO - Added notable artist 'Lil Wayne' with API ID 'K8vZ917GemV' to the database.
2024-10-31 19:00:25,478 - INFO - Added notable artist 'Carin Leon' with API ID 'K8vZ917_m_f' to the database.
2024-10-31 19:00:25,478 - INFO - Added notable artist 'Chappell Roan' with API ID 'K8vZ917p56f' to the database.
2024-10-31 19:00:25,478 - INFO - Added notable artist 'Leon Bridges' with API ID 'K8vZ917Kkuf' to the database.
2024-10-31 19:00:25,478 - INFO - Added notable artist 'Kings of Leon' with API ID 'K8vZ9175hx7' to the database.
2024-10-31 19:00:25,478 - INFO - Added notable artist 'LINKIN PARK' with API ID 'K8vZ9171if7' to the database.
2024-10-31 19:00:25,478 - INFO - Added notable artist 'Teddy Swims' with API ID 'K8vZ917bnP0' to the database.
2024-10-31 19:00:25,478 - INFO - Added notable artist 'Korn' with API ID 'K8vZ9171fF7' to the database.
2024-10-31 19:00:25,478 - INFO - Added notable artist 'Dave Matthews' with API ID 'K8vZ91713NV' to the database.
2024-10-31 19:00:25,478 - INFO - Added notable artist 'Justin Timberlake' with API ID 'K8vZ91754g7' to the database.
2024-10-31 19:00:25,478 - INFO - Added notable artist 'Kevin Hart' with API ID 'K8vZ917GQ1f' to the database.
2024-10-31 19:00:25,478 - INFO - Added notable artist 'Rod Wave' with API ID 'K8vZ917b8z7' to the database.
2024-10-31 19:00:25,478 - INFO - Added notable artist 'Jim Gaffigan' with API ID 'K8vZ9175R0V' to the database.
2024-10-31 19:00:25,478 - INFO - Added notable artist 'Leanne Morgan' with API ID 'K8vZ917fQxV' to the database.
2024-10-31 19:00:25,478 - INFO - Added notable artist 'Shaboozey' with API ID 'K8vZ917f2P7' to the database.
2024-10-31 19:00:25,478 - INFO - Added notable artist 'Sammy Virji' with API ID 'K8vZ917qam0' to the database.
2024-10-31 19:00:25,478 - INFO - Added notable artist 'Fisher' with API ID 'K8vZ9171mPf' to the database.
2024-10-31 19:00:25,478 - INFO - Added notable artist 'Matt Rife' with API ID 'K8vZ9179SV7' to the database.
2024-10-31 19:00:25,478 - INFO - Added notable artist 'Dave Chappelle' with API ID 'K8vZ9171rcf' to the database.
2024-10-31 19:00:25,478 - INFO - Added notable artist 'Sleep Token' with API ID 'K8vZ917b81f' to the database.
2024-10-31 19:00:25,478 - INFO - Added notable artist 'Kane Brown' with API ID 'K8vZ917fFLf' to the database.
2024-10-31 19:00:25,478 - INFO - Added notable artist 'Garth Brooks' with API ID 'K8vZ9171aAV' to the database.
2024-10-31 19:00:25,478 - INFO - Added notable artist 'Kenny Chesney' with API ID 'K8vZ9171f30' to the database.
2024-10-31 19:00:25,478 - INFO - Added notable artist 'SWEDISH HOUSE MAFIA' with API ID 'K8vZ917G0e0' to the database.
2024-10-31 19:00:25,478 - INFO - Added notable artist 'Lana Del Rey' with API ID 'K8vZ9172ZIV' to the database.
2024-10-31 19:00:25,478 - INFO - Added notable artist 'Mau P' with API ID 'K8vZ917hQaf' to the database.
2024-10-31 19:00:25,478 - INFO - Added notable artist 'Nikki Glaser' with API ID 'K8vZ917uwA7' to the database.
2024-10-31 19:00:25,478 - INFO - Added notable artist 'Ella Langley' with API ID 'K8vZ917_mB0' to the database.
2024-10-31 19:00:25,478 - INFO - Added notable artist 'Shakira' with API ID 'K8vZ9171xeV' to the database.
2024-10-31 19:00:25,478 - INFO - Added notable artist 'Sarah Millican' with API ID 'K8vZ917GQn0' to the database.
2024-10-31 19:00:25,478 - INFO - Added notable artist 'Hozier' with API ID 'K8vZ917o-E7' to the database.
2024-10-31 19:00:25,478 - INFO - Added notable artist 'Hugh Jackman' with API ID 'K8vZ917C3VV' to the database.
2024-10-31 19:00:25,478 - INFO - Added notable artist 'Jesse Welles' with API ID 'K8vZ917qvGf' to the database.
2024-10-31 19:00:25,478 - INFO - Added notable artist 'Lil Durk' with API ID 'K8vZ9173A9f' to the database.
2024-10-31 19:00:25,478 - INFO - Added notable artist 'A Boogie Wit Da Hoodie' with API ID 'K8vZ9174hA7' to the database.
2024-10-31 19:00:25,478 - INFO - Added notable artist 'Destroy Lonely' with API ID 'K8vZ917QLi7' to the database.
2024-10-31 19:00:25,478 - INFO - Added notable artist 'Charli XCX' with API ID 'K8vZ917CDKf' to the database.
2024-10-31 19:00:25,478 - INFO - Added notable artist 'Billy Joel' with API ID 'K8vZ9171uv0' to the database.
2024-10-31 19:00:25,478 - INFO - Added notable artist 'Los Temerarios' with API ID 'K8vZ9171ajf' to the database.
2024-10-31 19:00:25,478 - INFO - Added notable artist 'Don Toliver' with API ID 'K8vZ917bVK7' to the database.
2024-10-31 19:00:25,478 - INFO - Added notable artist 'System Of A Down' with API ID 'K8vZ917hmYf' to the database.
2024-10-31 19:00:25,478 - INFO - Added notable artist 'Fuerza Regida' with API ID 'K8vZ9179vO0' to the database.
2024-10-31 19:00:25,478 - INFO - Added notable artist 'BLACKPINK' with API ID 'K8vZ9179wi7' to the database.
2024-10-31 19:00:25,478 - INFO - Added notable artist 'BTS' with API ID 'K8vZ917KpXV' to the database.
2024-10-31 19:00:25,478 - INFO - Added notable artist 'SEVENTEEN' with API ID 'K8vZ9174Qw0' to the database.
2024-10-31 19:00:25,478 - INFO - Added notable artist 'Mike Birbiglia' with API ID 'K8vZ9175wo7' to the database.
2024-10-31 19:00:25,478 - INFO - Added notable artist 'Latto' with API ID 'K8vZ917_glV' to the database.
2024-10-31 19:00:25,478 - INFO - Added notable artist 'Theo Von' with API ID 'K8vZ917ur6V' to the database.
2024-10-31 19:00:25,479 - INFO - Added notable artist 'Whiskey Myers' with API ID 'K8vZ917uDgf' to the database.
2024-10-31 19:00:25,479 - INFO - Added notable artist 'KAYTRANADA' with API ID 'K8vZ917ooF0' to the database.
2024-10-31 19:00:25,479 - INFO - Added notable artist 'Jamie XX' with API ID 'K8vZ917u4Qf' to the database.
2024-10-31 19:00:25,479 - INFO - Added notable artist 'Shawn Mendes' with API ID 'K8vZ91739Nf' to the database.
2024-10-31 19:00:25,479 - INFO - Added notable artist 'Rihanna' with API ID 'K8vZ9175gS7' to the database.
2024-10-31 19:00:25,479 - INFO - Added notable artist 'Wave To Earth' with API ID 'K8vZ917h9Jf' to the database.
2024-10-31 19:00:25,479 - INFO - Added notable artist 'HARDY' with API ID 'K8vZ9179LdV' to the database.
2024-10-31 19:00:25,479 - INFO - Added notable artist 'Diplo' with API ID 'K8vZ917G2o7' to the database.
2024-10-31 19:00:25,479 - INFO - Added notable artist 'Diplo' with API ID 'K8vZ917G2o7' to the database.
2024-10-31 19:00:25,479 - INFO - Added notable artist 'Conan Gray' with API ID 'K8vZ9179_07' to the database.
2024-10-31 19:00:25,479 - INFO - Added notable artist 'Aaron Kwok' with API ID 'K8vZ9171zFV' to the database.
2024-10-31 19:00:25,479 - INFO - Added notable artist 'hannah bahng' with API ID 'K8vZ917q2T7' to the database.
2024-10-31 19:00:25,479 - INFO - Added notable artist 'Maisie Peters' with API ID 'K8vZ917pq90' to the database.
2024-10-31 19:00:25,479 - INFO - Added notable artist 'Carimi' with API ID 'K8vZ9174_g0' to the database.
2024-10-31 19:00:25,479 - INFO - Added notable artist 'Ricky Gervais' with API ID 'K8vZ9175M60' to the database.
2024-10-31 19:00:25,479 - INFO - Added notable artist 'RUFUS DU SOL' with API ID 'K8vZ9173ujV' to the database.
2024-10-31 19:00:25,479 - INFO - Added notable artist 'Monster Jam' with API ID 'K8vZ917uyff' to the database.
2024-10-31 19:00:25,479 - INFO - Completed adding notable artists from artist_ids.txt to the database.
