2024-10-31 02:51:04,070 - INFO - Notified Discord about notable event: SOULSHINE - A BENEFIT FOR HURRICANE RELIEF AND RECOVERY by Dave Matthews
2024-10-31 02:51:04,183 - INFO - Notified Discord about notable event: USHER: Past Present Future by USHER
2024-10-31 02:51:04,400 - INFO - Notified Discord about notable event: USHER: Past Present Future by USHER
2024-10-31 02:51:04,512 - INFO - Notified Discord about notable event: B96 Bash with Kane Brown by Kane Brown
2024-10-31 02:51:09,070 - INFO - Notified Discord about notable event: Destroy Lonely: FOREVER TOUR by Destroy Lonely
2024-10-31 02:51:09,224 - INFO - Notified Discord about notable event: Destroy Lonely: FOREVER TOUR by Destroy Lonely
2024-10-31 02:51:09,351 - INFO - Notified Discord about notable event: Destroy Lonely by Destroy Lonely
2024-10-31 02:51:09,497 - INFO - Notified Discord about notable event: Destroy Lonely: FOREVER TOUR by Destroy Lonely
2024-10-31 02:51:09,609 - INFO - Notified Discord about notable event: Destroy Lonely: FOREVER TOUR by Destroy Lonely
2024-10-31 02:51:14,194 - INFO - Notified Discord about notable event: Destroy Lonely: FOREVER TOUR by Destroy Lonely
2024-10-31 02:51:14,308 - INFO - Notified Discord about notable event: Destroy Lonely: FOREVER TOUR by Destroy Lonely
2024-10-31 02:51:14,399 - INFO - Notified Discord about notable event: Destroy Lonely: FOREVER TOUR by Destroy Lonely
2024-10-31 02:51:14,514 - INFO - Notified Discord about notable event: Destroy Lonely: FOREVER TOUR by Destroy Lonely
2024-10-31 02:51:14,626 - INFO - Notified Discord about notable event: Destroy Lonely: FOREVER TOUR by Destroy Lonely
2024-10-31 02:51:19,328 - INFO - Notified Discord about notable event: Destroy Lonely: FOREVER TOUR by Destroy Lonely
2024-10-31 02:51:19,431 - INFO - Notified Discord about notable event: Destroy Lonely by Destroy Lonely
2024-10-31 02:52:01,926 - INFO - No new notable events to notify.
2024-10-31 02:53:01,836 - INFO - No new notable events to notify.
2024-10-31 02:54:01,909 - INFO - No new notable events to notify.
2024-10-31 02:56:01,728 - INFO - Notified Discord about notable event: SOULSHINE - A BENEFIT FOR HURRICANE RELIEF AND RECOVERY by Dave Matthews
2024-10-31 02:56:01,847 - INFO - Notified Discord about notable event: USHER: Past Present Future by USHER
2024-10-31 02:56:02,005 - INFO - Notified Discord about notable event: USHER: Past Present Future by USHER
2024-10-31 02:56:02,133 - INFO - Notified Discord about notable event: B96 Bash with Kane Brown by Kane Brown
2024-10-31 02:56:06,757 - INFO - Notified Discord about notable event: Destroy Lonely: FOREVER TOUR by Destroy Lonely
2024-10-31 02:56:06,913 - INFO - Notified Discord about notable event: Destroy Lonely: FOREVER TOUR by Destroy Lonely
2024-10-31 02:56:07,016 - INFO - Notified Discord about notable event: Destroy Lonely by Destroy Lonely
2024-10-31 02:56:07,110 - INFO - Notified Discord about notable event: Destroy Lonely: FOREVER TOUR by Destroy Lonely
2024-10-31 02:56:07,264 - INFO - Notified Discord about notable event: Destroy Lonely: FOREVER TOUR by Destroy Lonely
2024-10-31 02:56:11,889 - INFO - Notified Discord about notable event: Destroy Lonely: FOREVER TOUR by Destroy Lonely
2024-10-31 02:56:11,989 - INFO - Notified Discord about notable event: Destroy Lonely: FOREVER TOUR by Destroy Lonely
2024-10-31 02:56:12,116 - INFO - Notified Discord about notable event: Destroy Lonely: FOREVER TOUR by Destroy Lonely
2024-10-31 02:56:12,201 - INFO - Notified Discord about notable event: Destroy Lonely: FOREVER TOUR by Destroy Lonely
2024-10-31 02:56:12,328 - INFO - Notified Discord about notable event: Destroy Lonely: FOREVER TOUR by Destroy Lonely
2024-10-31 02:56:17,042 - INFO - Notified Discord about notable event: Destroy Lonely: FOREVER TOUR by Destroy Lonely
2024-10-31 02:56:17,215 - INFO - Notified Discord about notable event: Destroy Lonely by Destroy Lonely
2024-10-31 02:57:01,569 - INFO - No new notable events to notify.
2024-10-31 02:58:32,834 - INFO - Notified Discord about notable event: SOULSHINE - A BENEFIT FOR HURRICANE RELIEF AND RECOVERY by Dave Matthews
2024-10-31 02:58:32,973 - INFO - Notified Discord about notable event: USHER: Past Present Future by USHER
2024-10-31 02:58:33,079 - INFO - Notified Discord about notable event: USHER: Past Present Future by USHER
2024-10-31 02:58:33,229 - INFO - Notified Discord about notable event: B96 Bash with Kane Brown by Kane Brown
2024-10-31 02:58:37,844 - INFO - Notified Discord about notable event: Destroy Lonely: FOREVER TOUR by Destroy Lonely
2024-10-31 02:58:37,998 - INFO - Notified Discord about notable event: Destroy Lonely: FOREVER TOUR by Destroy Lonely
2024-10-31 02:58:38,141 - INFO - Notified Discord about notable event: Destroy Lonely by Destroy Lonely
2024-10-31 02:58:38,293 - INFO - Notified Discord about notable event: Destroy Lonely: FOREVER TOUR by Destroy Lonely
2024-10-31 02:58:38,388 - INFO - Notified Discord about notable event: Destroy Lonely: FOREVER TOUR by Destroy Lonely
2024-10-31 02:58:43,047 - INFO - Notified Discord about notable event: Destroy Lonely: FOREVER TOUR by Destroy Lonely
2024-10-31 02:58:43,152 - INFO - Notified Discord about notable event: Destroy Lonely: FOREVER TOUR by Destroy Lonely
2024-10-31 02:58:43,248 - INFO - Notified Discord about notable event: Destroy Lonely: FOREVER TOUR by Destroy Lonely
2024-10-31 02:58:43,413 - INFO - Notified Discord about notable event: Destroy Lonely: FOREVER TOUR by Destroy Lonely
2024-10-31 02:58:43,524 - INFO - Notified Discord about notable event: Destroy Lonely: FOREVER TOUR by Destroy Lonely
2024-10-31 02:58:48,217 - INFO - Notified Discord about notable event: Destroy Lonely: FOREVER TOUR by Destroy Lonely
2024-10-31 02:58:48,459 - INFO - Notified Discord about notable event: Destroy Lonely by Destroy Lonely
